16:05:21 **** Build of configuration Debug for project 15_asgmnt2_q3 ****
make all 
Building file: ../src/15_asgmnt2_q3.c
Invoking: GCC C Compiler
gcc -O0 -g3 -Wall -c -fmessage-length=0 -MMD -MP -MF"src/15_asgmnt2_q3.d" -MT"src/15_asgmnt2_q3.o" -o "src/15_asgmnt2_q3.o" "../src/15_asgmnt2_q3.c"
Finished building: ../src/15_asgmnt2_q3.c
 
Building target: 15_asgmnt2_q3
Invoking: MacOS X C Linker
gcc  -o "15_asgmnt2_q3"  ./src/15_asgmnt2_q3.o   
Finished building target: 15_asgmnt2_q3
 
16:05:29 **** Incremental Build of configuration Debug for project 15_asgmnt2_q3 ****
make all 
Building file: ../src/15_asgmnt2_q3.c
Invoking: GCC C Compiler
gcc -O0 -g3 -Wall -c -fmessage-length=0 -MMD -MP -MF"src/15_asgmnt2_q3.d" -MT"src/15_asgmnt2_q3.o" -o "src/15_asgmnt2_q3.o" "../src/15_asgmnt2_q3.c"
Finished building: ../src/15_asgmnt2_q3.c
 
Building target: 15_asgmnt2_q3
Invoking: MacOS X C Linker
gcc  -o "15_asgmnt2_q3"  ./src/15_asgmnt2_q3.o   
Finished building target: 15_asgmnt2_q3
 
16:05:38 **** Incremental Build of configuration Debug for project 15_asgmnt2_q3 ****
make all 
make: Nothing to be done for `all'.
16:05:41 **** Incremental Build of configuration Debug for project 15_asgmnt2_q3 ****
make all 
make: Nothing to be done for `all'.
16:05:45 **** Incremental Build of configuration Debug for project 15_asgmnt2_q3 ****
make all 
make: Nothing to be done for `all'.
16:05:48 **** Incremental Build of configuration Debug for project 15_asgmnt2_q3 ****
make all 
make: Nothing to be done for `all'.
16:05:54 **** Incremental Build of configuration Debug for project 15_asgmnt2_q3 ****
make all 
make: Nothing to be done for `all'.
16:05:57 **** Incremental Build of configuration Debug for project 15_asgmnt2_q3 ****
make all 
make: Nothing to be done for `all'.
16:06:01 **** Incremental Build of configuration Debug for project 15_asgmnt2_q3 ****
make all 
make: Nothing to be done for `all'.
